<?xml version="1.0" encoding="UTF-8"?>
<!-- Generated by org.testng.reporters.JUnitXMLReporter -->
<testsuite ignored="2" hostname="Godzilla-ASUSDesktop" failures="0" tests="4" name="Innovationcu Bank Test" time="38.393" errors="0" timestamp="2023-09-26T09:06:45 MDT">
  <testcase classname="com.innovationcu.TestCases.LandingPage_TC" name="clickLink_Test2" time="0.265"/>
  <testcase classname="com.innovationcu.TestCases.LandingPage_TC" name="clickLink_Test3" time="0.208"/>
  <testcase classname="com.innovationcu.TestCases.Login_TC" name="LoginPage_Test" time="7.252"/>
  <testcase classname="com.innovationcu.TestCases.Login_TC" name="openCredentialwebsite_Test" time="6.275"/>
  <testcase classname="com.innovationcu.base.BaseClass" name="@BeforeSuite loadConfig" time="0.0">
    <ignored/>
  </testcase> <!-- @BeforeSuite loadConfig -->
  <testcase classname="com.innovationcu.TestCases.LandingPage_TC" name="clickLink_Test1" time="0.0">
    <ignored/>
  </testcase> <!-- clickLink_Test1 -->
</testsuite> <!-- Innovationcu Bank Test -->
