<?xml version="1.0" encoding="UTF-8"?>
<!-- Generated by org.testng.reporters.JUnitXMLReporter -->
<testsuite ignored="4" hostname="Godzilla-ASUSDesktop" failures="0" tests="5" name="Innovationcu Bank Test" time="41.45" errors="0" timestamp="2023-09-26T10:14:04 MDT">
  <testcase classname="com.innovationcu.TestCases.LandingPage_TC" name="clickLink_Test2" time="0.257"/>
  <testcase classname="com.innovationcu.TestCases.LandingPage_TC" name="clickLink_Test3" time="0.221"/>
  <testcase classname="com.innovationcu.TestCases.Login_TC" name="LoginPage_Test" time="4.54"/>
  <testcase classname="com.innovationcu.TestCases.Credential_TC" name="openCredentialwebsite_Test" time="6.426"/>
  <testcase classname="com.innovationcu.TestCases.LandingLinks_TC" name="OpenLinks_Test" time="0.814"/>
  <testcase classname="com.innovationcu.base.BaseClass" name="@BeforeSuite loadConfig" time="0.0">
    <ignored/>
  </testcase> <!-- @BeforeSuite loadConfig -->
  <testcase classname="com.innovationcu.base.BaseClass" name="@BeforeSuite loadConfig" time="0.0">
    <ignored/>
  </testcase> <!-- @BeforeSuite loadConfig -->
  <testcase classname="com.innovationcu.base.BaseClass" name="@BeforeSuite loadConfig" time="0.0">
    <ignored/>
  </testcase> <!-- @BeforeSuite loadConfig -->
  <testcase classname="com.innovationcu.TestCases.LandingPage_TC" name="clickLink_Test1" time="0.0">
    <ignored/>
  </testcase> <!-- clickLink_Test1 -->
</testsuite> <!-- Innovationcu Bank Test -->
