<?xml version="1.0" encoding="UTF-8"?>
<!-- Generated by org.testng.reporters.JUnitXMLReporter -->
<testsuite ignored="4" hostname="Godzilla-ASUSDesktop" failures="0" tests="5" name="eCommStore Test" time="223.256" errors="0" timestamp="2023-11-17T09:56:07 MST">
  <testcase classname="com.eCommStore.TestCases.Login_TC1" name="LoginPage_Test" time="12.422"/>
  <testcase classname="com.eCommStore.TestCases.Login_TC2" name="LoginPage_Test" time="0.833"/>
  <testcase classname="com.eCommStore.TestCases.addNewCustNotUseSrchBtn_TC3" name="addNewCustomer_Test" time="56.992"/>
  <testcase classname="com.eCommStore.TestCases.addNewCustUseSrchBtn_TC4" name="addNewCustomer_Test" time="60.904"/>
  <testcase classname="com.eCommStore.TestCases.addNewCustandEdit_TC5" name="addNewCustomer_Test" time="68.156"/>
  <testcase classname="com.eCommStore.base.BaseClass" name="@BeforeSuite loadConfig" time="0.0">
    <ignored/>
  </testcase> <!-- @BeforeSuite loadConfig -->
  <testcase classname="com.eCommStore.base.BaseClass" name="@BeforeSuite loadConfig" time="0.0">
    <ignored/>
  </testcase> <!-- @BeforeSuite loadConfig -->
  <testcase classname="com.eCommStore.base.BaseClass" name="@BeforeSuite loadConfig" time="0.0">
    <ignored/>
  </testcase> <!-- @BeforeSuite loadConfig -->
  <testcase classname="com.eCommStore.base.BaseClass" name="@BeforeSuite loadConfig" time="0.0">
    <ignored/>
  </testcase> <!-- @BeforeSuite loadConfig -->
</testsuite> <!-- eCommStore Test -->
