<?xml version="1.0" encoding="UTF-8"?>
<!-- Generated by org.testng.reporters.JUnitXMLReporter -->
<testsuite ignored="2" hostname="Godzilla-ASUSDesktop" failures="0" tests="1" name="Innovationcu Bank Test" time="7.259" errors="0" timestamp="2023-11-06T16:52:05 MST">
  <testcase classname="com.innovationcu.TestCases.LandingPage_TC" name="clickLink_Test1" time="0.278"/>
  <testcase classname="com.innovationcu.TestCases.LandingPage_TC" name="clickLink_Test2" time="0.0">
    <ignored/>
  </testcase> <!-- clickLink_Test2 -->
  <testcase classname="com.innovationcu.TestCases.LandingPage_TC" name="clickLink_Test3" time="0.0">
    <ignored/>
  </testcase> <!-- clickLink_Test3 -->
</testsuite> <!-- Innovationcu Bank Test -->
