<?xml version="1.0" encoding="UTF-8"?>
<!-- Generated by org.testng.reporters.JUnitXMLReporter -->
<testsuite ignored="2" hostname="Godzilla-ASUSDesktop" failures="0" tests="3" name="test chrome" time="25.649" errors="0" timestamp="2023-09-24T23:33:17 MDT">
  <testcase classname="com.innovationcu.TestCases.LandingPage_TC" name="clickLink_Test2" time="0.243"/>
  <testcase classname="com.innovationcu.TestCases.LandingPage_TC" name="clickLink_Test3" time="0.205"/>
  <testcase classname="com.innovationcu.TestCases.Login_TC" name="LoginPage_Test" time="7.503"/>
  <testcase classname="com.innovationcu.base.BaseClass" name="@BeforeSuite loadConfig" time="0.0">
    <ignored/>
  </testcase> <!-- @BeforeSuite loadConfig -->
  <testcase classname="com.innovationcu.TestCases.LandingPage_TC" name="clickLink_Test1" time="0.0">
    <ignored/>
  </testcase> <!-- clickLink_Test1 -->
</testsuite> <!-- test chrome -->
