<?xml version="1.0" encoding="UTF-8"?>
<!-- Generated by org.testng.reporters.JUnitXMLReporter -->
<testsuite ignored="1" hostname="Godzilla-ASUSDesktop" failures="0" tests="2" name="eCommStore Test" time="89.477" errors="0" timestamp="2023-11-16T00:14:45 MST">
  <testcase classname="com.eCommStore.TestCases.Login_TC1" name="LoginPage_Test" time="12.124"/>
  <testcase classname="com.eCommStore.TestCases.addNewCustandEdit_TC5" name="addNewCustomer_Test" time="67.458"/>
  <testcase classname="com.eCommStore.base.BaseClass" name="@BeforeSuite loadConfig" time="0.0">
    <ignored/>
  </testcase> <!-- @BeforeSuite loadConfig -->
</testsuite> <!-- eCommStore Test -->
