<?xml version="1.0" encoding="UTF-8"?>
<!-- Generated by org.testng.reporters.JUnitXMLReporter -->
<testsuite ignored="0" hostname="Godzilla-ASUSDesktop" failures="0" tests="2" name="Innovationcu Bank Test" time="26.263" errors="0" timestamp="2023-09-26T09:19:18 MDT">
  <testcase classname="com.innovationcu.TestCases.Login_TC" name="LoginPage_Test" time="7.471"/>
  <testcase classname="com.innovationcu.TestCases.Login_TC" name="openCredentialwebsite_Test" time="6.417"/>
</testsuite> <!-- Innovationcu Bank Test -->
