<?xml version="1.0" encoding="UTF-8"?>
<!-- Generated by org.testng.reporters.JUnitXMLReporter -->
<testsuite ignored="1" hostname="Godzilla-ASUSDesktop" failures="0" tests="2" name="Innovationcu Bank Test" time="20.371" errors="0" timestamp="2023-09-26T10:12:39 MDT">
  <testcase classname="com.innovationcu.TestCases.Credential_TC" name="openCredentialwebsite_Test" time="6.423"/>
  <testcase classname="com.innovationcu.TestCases.LandingLinks_TC" name="OpenLinks_Test" time="1.783"/>
  <testcase classname="com.innovationcu.base.BaseClass" name="@BeforeSuite loadConfig" time="0.0">
    <ignored/>
  </testcase> <!-- @BeforeSuite loadConfig -->
</testsuite> <!-- Innovationcu Bank Test -->
