<?xml version="1.0" encoding="UTF-8"?>
<testsuite xmlns:xsi="http://www.w3.org/2001/XMLSchema-instance" xsi:noNamespaceSchemaLocation="https://maven.apache.org/surefire/maven-surefire-plugin/xsd/surefire-test-report.xsd" name="TestSuite" time="39.54" tests="4" errors="0" skipped="0" failures="0">
  <properties>
[...]
</properties>
  <testcase name="clickLink_Test2" classname="com.innovationcu.TestCases.LandingPage_TC" time="0.272"/>
  <testcase name="clickLink_Test3" classname="com.innovationcu.TestCases.LandingPage_TC" time="0.208"/>
  <testcase name="LoginPage_Test" classname="com.innovationcu.TestCases.Login_TC" time="7.252"/>
  <testcase name="openCredentialwebsite_Test" classname="com.innovationcu.TestCases.Login_TC" time="6.276"/>
</testsuite>